[2022-03-02 11:36:36.430 +01:00  INF]  User profile is available. Using 'C:\Users\azhar damir\AppData\Local\ASP.NET\DataProtection-Keys' as key repository and Windows DPAPI to encrypt keys at rest.
[2022-03-02 11:36:37.786 +01:00  INF]  Entity Framework Core 6.0.2 initialized 'DataContext' using provider 'Microsoft.EntityFrameworkCore.Sqlite:6.0.2' with options: None
[2022-03-02 11:36:38.186 +01:00  INF]  Executed DbCommand (31ms) [Parameters=[], CommandType='"Text"', CommandTimeout='30']
SELECT COUNT(*) FROM "sqlite_master" WHERE "type" = 'table' AND "rootpage" IS NOT NULL;
[2022-03-02 11:36:38.603 +01:00  INF]  Now listening on: https://localhost:7197
[2022-03-02 11:36:38.603 +01:00  INF]  Now listening on: http://localhost:5197
[2022-03-02 11:36:38.609 +01:00  INF]  Application started. Press Ctrl+C to shut down.
[2022-03-02 11:36:38.609 +01:00  INF]  Hosting environment: Development
[2022-03-02 11:36:38.609 +01:00  INF]  Content root path: C:\Users\azhar damir\Source\Repos\TestAsp\TestAsp\
[2022-03-02 11:36:40.298 +01:00  INF]  Request starting HTTP/2 GET https://localhost:7197/ - -
[2022-03-02 11:36:40.476 +01:00  INF]  Executing endpoint '/Index'
[2022-03-02 11:36:40.587 +01:00  INF]  Route matched with {page = "/Index", action = "", controller = ""}. Executing page /Index
[2022-03-02 11:36:40.614 +01:00  INF]  Executing handler method TestAsp.Pages.IndexModel.OnGet - ModelState is "Valid"
[2022-03-02 11:36:40.614 +01:00  INF]  Executed handler method OnGet, returned result .
[2022-03-02 11:36:40.626 +01:00  INF]  Executing an implicit handler method - ModelState is "Valid"
[2022-03-02 11:36:40.627 +01:00  INF]  Executed an implicit handler method, returned result Microsoft.AspNetCore.Mvc.RazorPages.PageResult.
[2022-03-02 11:36:41.103 +01:00  INF]  Executed page /Index in 498.5149ms
[2022-03-02 11:36:41.106 +01:00  INF]  Executed endpoint '/Index'
[2022-03-02 11:36:41.242 +01:00  INF]  Request finished HTTP/2 GET https://localhost:7197/ - - - 200 - text/html;+charset=utf-8 953.6935ms
[2022-03-02 11:36:41.288 +01:00  INF]  Request starting HTTP/2 GET https://localhost:7197/_framework/aspnetcore-browser-refresh.js - -
[2022-03-02 11:36:41.299 +01:00  INF]  Request finished HTTP/2 GET https://localhost:7197/_framework/aspnetcore-browser-refresh.js - - - 200 11941 application/javascript;+charset=utf-8 10.3067ms
[2022-03-02 11:36:54.155 +01:00  INF]  Request starting HTTP/2 GET https://localhost:7197/api/controll - -
[2022-03-02 11:36:54.168 +01:00  INF]  Executing endpoint 'TestAsp.Controllers.ValuesController.Get (TestAsp)'
[2022-03-02 11:36:54.196 +01:00  INF]  Route matched with {action = "Get", controller = "Values", page = ""}. Executing controller action with signature System.Collections.Generic.IList`1[TestAsp.Models.Livre] Get() on controller TestAsp.Controllers.ValuesController (TestAsp).
[2022-03-02 11:36:54.219 +01:00  INF]   executing...
[2022-03-02 11:36:54.229 +01:00  INF]  Entity Framework Core 6.0.2 initialized 'DataContext' using provider 'Microsoft.EntityFrameworkCore.Sqlite:6.0.2' with options: None
[2022-03-02 11:36:54.900 +01:00  INF]  Executed DbCommand (3ms) [Parameters=[], CommandType='"Text"', CommandTimeout='30']
SELECT "l"."id", "l"."titre"
FROM "Livres" AS "l"
[2022-03-02 11:36:55.059 +01:00  INF]  Executing ObjectResult, writing value of type 'System.Collections.Generic.List`1[[TestAsp.Models.Livre, TestAsp, Version=1.0.0.0, Culture=neutral, PublicKeyToken=null]]'.
[2022-03-02 11:36:55.078 +01:00  INF]  Executed action TestAsp.Controllers.ValuesController.Get (TestAsp) in 880.9366ms
[2022-03-02 11:36:55.078 +01:00  INF]  Executed endpoint 'TestAsp.Controllers.ValuesController.Get (TestAsp)'
[2022-03-02 11:36:55.085 +01:00  INF]  Request finished HTTP/2 GET https://localhost:7197/api/controll - - - 200 - application/json;+charset=utf-8 929.7339ms
